info @storybook/react v6.5.12
info 
info => Cleaning outputDir: C:\\Users\\hutha\\AppData\\Local\\Temp\\chromatic--33428-XbQ1GAesooTS
(node:12064) DeprecationWarning: --static-dir CLI flag is deprecated, see:

https://github.com/storybookjs/storybook/blob/next/MIGRATION.md#deprecated---static-dir-cli-flag
(Use `node --trace-deprecation ...` to show where the warning was created)
info => Loading presets
info => Copying static files: ./public => ./
info => Compiling manager..
info => Compiling preview..
info Addon-docs: using MDX1
info => Loading Webpack configuration from `node_modules\react-scripts`
info => Removing existing JavaScript and TypeScript rules.
info => Modifying Create React App rules.
info => Using default Webpack5 setup
<s> [webpack.Progress] 0% 

<s> [webpack.Progress] 1% setup before run
<s> [webpack.Progress] 1% setup before run NodeEnvironmentPlugin
<s> [webpack.Progress] 1% setup before run
<s> [webpack.Progress] 2% setup run
<s> [webpack.Progress] 2% setup run ForkTsCheckerWebpackPlugin
<s> [webpack.Progress] 2% setup run ESLintWebpackPlugin_1
<s> [webpack.Progress] 2% setup run
<s> [webpack.Progress] 4% setup normal module factory
<s> [webpack.Progress] 4% setup normal module factory CaseSensitivePathsPlugin
<s> [webpack.Progress] 4% setup normal module factory ModuleNotFoundPlugin
<s> [webpack.Progress] 4% setup normal module factory IgnorePlugin
<s> [webpack.Progress] 4% setup normal module factory
<s> [webpack.Progress] 5% setup context module factory
<s> [webpack.Progress] 5% setup context module factory IgnorePlugin
<s> [webpack.Progress] 5% setup context module factory
<s> [webpack.Progress] 6% setup before compile
<s> [webpack.Progress] 6% setup before compile ProgressPlugin
<s> [webpack.Progress] 6% setup before compile
<s> [webpack.Progress] 7% setup compile
<s> [webpack.Progress] 7% setup compile ExternalsPlugin
<s> [webpack.Progress] 7% setup compile
<s> [webpack.Progress] 8% setup compilation
<s> [webpack.Progress] 8% setup compilation mini-css-extract-plugin
<s> [webpack.Progress] 8% setup compilation ArrayPushCallbackChunkFormatPlugin
<s> [webpack.Progress] 8% setup compilation JsonpChunkLoadingPlugin
<s> [webpack.Progress] 8% setup compilation StartupChunkDependenciesPlugin
<s> [webpack.Progress] 8% setup compilation ImportScriptsChunkLoadingPlugin
<s> [webpack.Progress] 8% setup compilation FetchCompileWasmPlugin
<s> [webpack.Progress] 8% setup compilation FetchCompileAsyncWasmPlugin
<s> [webpack.Progress] 8% setup compilation WorkerPlugin
<s> [webpack.Progress] 8% setup compilation SplitChunksPlugin
<s> [webpack.Progress] 8% setup compilation RuntimeChunkPlugin
<s> [webpack.Progress] 8% setup compilation ResolverCachePlugin
<s> [webpack.Progress] 8% setup compilation HtmlWebpackPlugin
<s> [webpack.Progress] 8% setup compilation
<s> [webpack.Progress] 9% setup compilation
<s> [webpack.Progress] 9% setup compilation DefinePlugin
<s> [webpack.Progress] 9% setup compilation ProvidePlugin
<s> [webpack.Progress] 9% setup compilation ProgressPlugin
<s> [webpack.Progress] 9% setup compilation InlineChunkHtmlPlugin
<s> [webpack.Progress] 9% setup compilation InterpolateHtmlPlugin
<s> [webpack.Progress] 9% setup compilation mini-css-extract-plugin
<s> [webpack.Progress] 9% setup compilation ForkTsCheckerWebpackPlugin
<s> [webpack.Progress] 9% setup compilation DocGenPlugin
<s> [webpack.Progress] 9% setup compilation ChunkPrefetchPreloadPlugin
<s> [webpack.Progress] 9% setup compilation SourceMapDevToolPlugin
<s> [webpack.Progress] 9% setup compilation JavascriptModulesPlugin
<s> [webpack.Progress] 9% setup compilation JsonModulesPlugin
<s> [webpack.Progress] 9% setup compilation AssetModulesPlugin
<s> [webpack.Progress] 9% setup compilation EntryPlugin
<s> [webpack.Progress] 9% setup compilation EntryPlugin
<s> [webpack.Progress] 9% setup compilation EntryPlugin
<s> [webpack.Progress] 9% setup compilation EntryPlugin
<s> [webpack.Progress] 9% setup compilation EntryPlugin
<s> [webpack.Progress] 9% setup compilation EntryPlugin
<s> [webpack.Progress] 9% setup compilation EntryPlugin
<s> [webpack.Progress] 9% setup compilation EntryPlugin
<s> [webpack.Progress] 9% setup compilation EntryPlugin
<s> [webpack.Progress] 9% setup compilation EntryPlugin
<s> [webpack.Progress] 9% setup compilation EntryPlugin
<s> [webpack.Progress] 9% setup compilation EntryPlugin
<s> [webpack.Progress] 9% setup compilation EntryPlugin
<s> [webpack.Progress] 9% setup compilation EntryPlugin
<s> [webpack.Progress] 9% setup compilation RuntimePlugin
<s> [webpack.Progress] 9% setup compilation InferAsyncModulesPlugin
<s> [webpack.Progress] 9% setup compilation DataUriPlugin
<s> [webpack.Progress] 9% setup compilation FileUriPlugin
<s> [webpack.Progress] 9% setup compilation CompatibilityPlugin
<s> [webpack.Progress] 9% setup compilation HarmonyModulesPlugin
<s> [webpack.Progress] 9% setup compilation AMDPlugin
<s> [webpack.Progress] 9% setup compilation RequireJsStuffPlugin
<s> [webpack.Progress] 9% setup compilation CommonJsPlugin
<s> [webpack.Progress] 9% setup compilation LoaderPlugin
<s> [webpack.Progress] 9% setup compilation LoaderPlugin
<s> [webpack.Progress] 9% setup compilation NodeStuffPlugin
<s> [webpack.Progress] 9% setup compilation APIPlugin
<s> [webpack.Progress] 9% setup compilation ExportsInfoApiPlugin
<s> [webpack.Progress] 9% setup compilation WebpackIsIncludedPlugin
<s> [webpack.Progress] 9% setup compilation ConstPlugin
<s> [webpack.Progress] 9% setup compilation UseStrictPlugin
<s> [webpack.Progress] 9% setup compilation RequireIncludePlugin
<s> [webpack.Progress] 9% setup compilation RequireEnsurePlugin
<s> [webpack.Progress] 9% setup compilation RequireContextPlugin
<s> [webpack.Progress] 9% setup compilation ImportPlugin
<s> [webpack.Progress] 9% setup compilation RequireContextPlugin
<s> [webpack.Progress] 9% setup compilation SystemPlugin
<s> [webpack.Progress] 9% setup compilation ImportMetaPlugin
<s> [webpack.Progress] 9% setup compilation URLPlugin
<s> [webpack.Progress] 9% setup compilation DefaultStatsFactoryPlugin
<s> [webpack.Progress] 9% setup compilation DefaultStatsPresetPlugin
<s> [webpack.Progress] 9% setup compilation DefaultStatsPrinterPlugin
<s> [webpack.Progress] 9% setup compilation JavascriptMetaInfoPlugin
<s> [webpack.Progress] 9% setup compilation EnsureChunkConditionsPlugin
<s> [webpack.Progress] 9% setup compilation RemoveEmptyChunksPlugin
<s> [webpack.Progress] 9% setup compilation MergeDuplicateChunksPlugin
<s> [webpack.Progress] 9% setup compilation FlagIncludedChunksPlugin
<s> [webpack.Progress] 9% setup compilation SideEffectsFlagPlugin
<s> [webpack.Progress] 9% setup compilation FlagDependencyExportsPlugin
<s> [webpack.Progress] 9% setup compilation FlagDependencyUsagePlugin
<s> [webpack.Progress] 9% setup compilation InnerGraphPlugin
<s> [webpack.Progress] 9% setup compilation MangleExportsPlugin
<s> [webpack.Progress] 9% setup compilation ModuleConcatenationPlugin
<s> [webpack.Progress] 9% setup compilation NoEmitOnErrorsPlugin
<s> [webpack.Progress] 9% setup compilation RealContentHashPlugin
<s> [webpack.Progress] 9% setup compilation WasmFinalizeExportsPlugin
<s> [webpack.Progress] 9% setup compilation NamedModuleIdsPlugin
<s> [webpack.Progress] 9% setup compilation DeterministicChunkIdsPlugin
<s> [webpack.Progress] 9% setup compilation DefinePlugin
<s> [webpack.Progress] 9% setup compilation TerserPlugin
<s> [webpack.Progress] 9% setup compilation TemplatedPathPlugin
<s> [webpack.Progress] 9% setup compilation RecordIdsPlugin
<s> [webpack.Progress] 9% setup compilation WarnCaseSensitiveModulesPlugin
<s> [webpack.Progress] 9% setup compilation IgnoreWarningsPlugin
<s> [webpack.Progress] 9% setup compilation ESLintWebpackPlugin_1
<s> [webpack.Progress] 9% setup compilation
<s> [webpack.Progress] 10% building
<s> [webpack.Progress] 10% building 0/1 entries 0/0 dependencies 0/0 modules
<s> [webpack.Progress] 10% building import loader ./node_modules/babel-loader/lib/index.js
<s> [webpack.Progress] 10% building import loader ./node_modules/source-map-loader/dist/cjs.js
<s> [webpack.Progress] 10% building 0/14 entries 13/33 dependencies 0/12 modules
<s> [webpack.Progress] 10% building 0/14 entries 30/71 dependencies 0/27 modules
<s> [webpack.Progress] 10% building import loader ./node_modules/@storybook/mdx1-csf/loader.js
<s> [webpack.Progress] 10% building 0/14 entries 38/81 dependencies 1/35 modules
<s> [webpack.Progress] 10% building import loader ./node_modules/@storybook/source-loader/dist/cjs/index.js
<s> [webpack.Progress] 10% building 0/14 entries 65/108 dependencies 1/53 modules
<s> [webpack.Progress] 10% building 0/14 entries 77/163 dependencies 2/63 modules
<s> [webpack.Progress] 10% building 0/14 entries 300/460 dependencies 6/178 modules
<s> [webpack.Progress] 13% building 1/14 entries 368/460 dependencies 8/195 modules
<s> [webpack.Progress] 13% building 1/14 entries 380/460 dependencies 8/200 modules
<s> [webpack.Progress] 13% building import loader ./node_modules/@svgr/webpack/lib/index.js
<s> [webpack.Progress] 13% building import loader ./node_modules/file-loader/dist/cjs.js
<s> [webpack.Progress] 13% building 1/14 entries 396/460 dependencies 8/202 modules
<s> [webpack.Progress] 13% building 1/14 entries 600/921 dependencies 16/279 modules
<s> [webpack.Progress] 13% building 1/14 entries 870/1000 dependencies 17/356 modules
<s> [webpack.Progress] 13% building 1/14 entries 991/1100 dependencies 31/378 modules
<s> [webpack.Progress] 13% building 1/14 entries 1200/1208 dependencies 50/429 modules
<s> [webpack.Progress] 13% building 1/14 entries 1298/1700 dependencies 65/431 modules
<s> [webpack.Progress] 13% building import loader ./node_modules/mini-css-extract-plugin/dist/loader.js
<s> [webpack.Progress] 13% building import loader ./node_modules/css-loader/dist/cjs.js
<s> [webpack.Progress] 13% building import loader ./node_modules/postcss-loader/dist/cjs.js
<s> [webpack.Progress] 13% building import loader ./node_modules/resolve-url-loader/index.js
<s> [webpack.Progress] 13% building import loader ./node_modules/sass-loader/dist/cjs.js
<s> [webpack.Progress] 13% building 1/14 entries 1648/1701 dependencies 85/456 modules
<s> [webpack.Progress] 13% building 1/14 entries 2000/2166 dependencies 154/521 modules
<s> [webpack.Progress] 13% building 1/14 entries 2144/2200 dependencies 180/554 modules
<s> [webpack.Progress] 13% building 1/14 entries 2174/2300 dependencies 197/555 modules
<s> [webpack.Progress] 13% building 1/14 entries 2259/2400 dependencies 229/555 modules
<s> [webpack.Progress] 13% building 1/14 entries 2400/2460 dependencies 264/606 modules
<s> [webpack.Progress] 13% building 1/14 entries 2600/2746 dependencies 313/622 modules
<s> [webpack.Progress] 14% building 1/14 entries 2995/3100 dependencies 393/683 modules
<s> [webpack.Progress] 14% building 1/14 entries 3042/3300 dependencies 411/683 modules
<s> [webpack.Progress] 16% building 1/14 entries 3677/3700 dependencies 567/852 modules
<s> [webpack.Progress] 17% building 1/14 entries 4200/4262 dependencies 725/984 modules
<s> [webpack.Progress] 20% building 1/14 entries 4700/4734 dependencies 957/1135 modules
<s> [webpack.Progress] 22% building 2/14 entries 5039/5066 dependencies 1101/1193 modules
<s> [webpack.Progress] 22% building 3/14 entries 5039/5066 dependencies 1101/1193 modules
<s> [webpack.Progress] 25% building 4/14 entries 5039/5066 dependencies 1101/1193 modules
<s> [webpack.Progress] 29% building 5/14 entries 5039/5066 dependencies 1101/1193 modules
<s> [webpack.Progress] 33% building 6/14 entries 5039/5066 dependencies 1101/1193 modules
<s> [webpack.Progress] 37% building 7/14 entries 5039/5066 dependencies 1101/1193 modules
<s> [webpack.Progress] 41% building 8/14 entries 5039/5066 dependencies 1101/1193 modules
<s> [webpack.Progress] 45% building 9/14 entries 5039/5066 dependencies 1101/1193 modules
<s> [webpack.Progress] 49% building 10/14 entries 5039/5066 dependencies 1101/1193 modules
<s> [webpack.Progress] 53% building 11/14 entries 5179/5201 dependencies 1134/1218 modules
<s> [webpack.Progress] 53% building 11/14 entries 5287/5300 dependencies 1188/1244 modules
<s> [webpack.Progress] 57% building 12/14 entries 5355/5355 dependencies 1242/1260 modules
<s> [webpack.Progress] 61% building 13/14 entries 5355/5355 dependencies 1242/1260 modules
<s> [webpack.Progress] 64% building 14/14 entries 5360/5360 dependencies 1260/1260 modules
<s> [webpack.Progress] 65% building
<s> [webpack.Progress] 69% building finish
<s> [webpack.Progress] 69% building finish
<s> [webpack.Progress] 70% sealing finish module graph
<s> [webpack.Progress] 70% sealing finish module graph ResolverCachePlugin
<s> [webpack.Progress] 70% sealing finish module graph InferAsyncModulesPlugin
<s> [webpack.Progress] 70% sealing finish module graph FlagDependencyExportsPlugin
<s> [webpack.Progress] 70% sealing finish module graph InnerGraphPlugin
<s> [webpack.Progress] 70% sealing finish module graph WasmFinalizeExportsPlugin
<s> [webpack.Progress] 70% sealing finish module graph ESLintWebpackPlugin_1
<s> [webpack.Progress] 70% sealing finish module graph
<s> [webpack.Progress] 70% sealing plugins
<s> [webpack.Progress] 70% sealing plugins DocGenPlugin
DeprecationWarning: 'createIdentifier' has been deprecated since v4.0.0. Use the appropriate method on 'ts.factory' or the 'factory' supplied by your transformation context instead.
DeprecationWarning: '' has been deprecated since v4.0.0. Use the appropriate method on 'ts.factory' or the 'factory' supplied by your transformation context instead.
DeprecationWarning: 'createLiteral' has been deprecated since v4.0.0. Use `factory.createStringLiteral`, `factory.createStringLiteralFromNode`, `factory.createNumericLiteral`, `factory.createBigIntLiteral`, `factory.createTrue`, `factory.createFalse`, or the factory supplied by your transformation context instead.
DeprecationWarning: 'createBinaryExpression' has been deprecated since v4.0.0. Use the appropriate method on 'ts.factory' or the 'factory' supplied by your transformation context instead.
DeprecationWarning: 'createExpressionStatement' has been deprecated since v4.0.0. Use the appropriate method on 'ts.factory' or the 'factory' supplied by your transformation context instead.
DeprecationWarning: 'createPropertyAssignment' has been deprecated since v4.0.0. Use the appropriate method on 'ts.factory' or the 'factory' supplied by your transformation context instead.
DeprecationWarning: 'createNull' has been deprecated since v4.0.0. Use the appropriate method on 'ts.factory' or the 'factory' supplied by your transformation context instead.
DeprecationWarning: 'createFalse' has been deprecated since v4.0.0. Use the appropriate method on 'ts.factory' or the 'factory' supplied by your transformation context instead.
DeprecationWarning: 'createObjectLiteralExpression' has been deprecated since v4.0.0. Use the appropriate method on 'ts.factory' or the 'factory' supplied by your transformation context instead.
DeprecationWarning: 'createTrue' has been deprecated since v4.0.0. Use the appropriate method on 'ts.factory' or the 'factory' supplied by your transformation context instead.
DeprecationWarning: 'createExpressionStatement' has been deprecated since v4.0.0. Use the appropriate method on 'ts.factory' or the 'factory' supplied by your transformation context instead.
DeprecationWarning: 'createTypeOfExpression' has been deprecated since v4.0.0. Use the appropriate method on 'ts.factory' or the 'factory' supplied by your transformation context instead.
DeprecationWarning: 'createElementAccessExpression' has been deprecated since v4.0.0. Use the appropriate method on 'ts.factory' or the 'factory' supplied by your transformation context instead.
DeprecationWarning: 'createIfStatement' has been deprecated since v4.0.0. Use the appropriate method on 'ts.factory' or the 'factory' supplied by your transformation context instead.
DeprecationWarning: 'createBlock' has been deprecated since v4.0.0. Use the appropriate method on 'ts.factory' or the 'factory' supplied by your transformation context instead.
DeprecationWarning: 'createVariableDeclaration' has been deprecated since v4.0.0. Use the appropriate method on 'ts.factory' or the 'factory' supplied by your transformation context instead.
DeprecationWarning: 'createCatchClause' has been deprecated since v4.0.0. Use the appropriate method on 'ts.factory' or the 'factory' supplied by your transformation context instead.
DeprecationWarning: 'createTryStatement' has been deprecated since v4.0.0. Use the appropriate method on 'ts.factory' or the 'factory' supplied by your transformation context instead.
DeprecationWarning: 'createArrayLiteralExpression' has been deprecated since v4.0.0. Use the appropriate method on 'ts.factory' or the 'factory' supplied by your transformation context instead.
<s> [webpack.Progress] 70% sealing plugins WarnCaseSensitiveModulesPlugin
<s> [webpack.Progress] 70% sealing plugins
<s> [webpack.Progress] 71% sealing dependencies optimization
<s> [webpack.Progress] 71% sealing dependencies optimization SideEffectsFlagPlugin
<s> [webpack.Progress] 71% sealing dependencies optimization FlagDependencyUsagePlugin
<s> [webpack.Progress] 71% sealing dependencies optimization
<s> [webpack.Progress] 71% sealing after dependencies optimization
<s> [webpack.Progress] 71% sealing after dependencies optimization
<s> [webpack.Progress] 72% sealing chunk graph
<s> [webpack.Progress] 72% sealing chunk graph
<s> [webpack.Progress] 73% sealing after chunk graph
<s> [webpack.Progress] 73% sealing after chunk graph
<s> [webpack.Progress] 73% sealing optimizing
<s> [webpack.Progress] 73% sealing optimizing
<s> [webpack.Progress] 74% sealing module optimization
<s> [webpack.Progress] 74% sealing module optimization
<s> [webpack.Progress] 75% sealing after module optimization
<s> [webpack.Progress] 75% sealing after module optimization
<s> [webpack.Progress] 75% sealing chunk optimization
<s> [webpack.Progress] 75% sealing chunk optimization EnsureChunkConditionsPlugin
<s> [webpack.Progress] 75% sealing chunk optimization RemoveEmptyChunksPlugin
<s> [webpack.Progress] 75% sealing chunk optimization MergeDuplicateChunksPlugin
<s> [webpack.Progress] 75% sealing chunk optimization SplitChunksPlugin
<s> [webpack.Progress] 75% sealing chunk optimization RemoveEmptyChunksPlugin
<s> [webpack.Progress] 75% sealing chunk optimization
<s> [webpack.Progress] 76% sealing after chunk optimization
<s> [webpack.Progress] 76% sealing after chunk optimization
<s> [webpack.Progress] 77% sealing module and chunk tree optimization
<s> [webpack.Progress] 77% sealing module and chunk tree optimization PersistentChildCompilerSingletonPlugin
<s> [webpack.Progress] 77% sealing module and chunk tree optimization
<s> [webpack.Progress] 77% sealing after module and chunk tree optimization
<s> [webpack.Progress] 77% sealing after module and chunk tree optimization
<s> [webpack.Progress] 78% sealing chunk modules optimization
<s> [webpack.Progress] 78% sealing chunk modules optimization ModuleConcatenationPlugin
<s> [webpack.Progress] 78% sealing chunk modules optimization
<s> [webpack.Progress] 78% sealing after chunk modules optimization
<s> [webpack.Progress] 78% sealing after chunk modules optimization
<s> [webpack.Progress] 79% sealing module reviving
<s> [webpack.Progress] 79% sealing module reviving RecordIdsPlugin
<s> [webpack.Progress] 79% sealing module reviving
<s> [webpack.Progress] 80% sealing before module ids
<s> [webpack.Progress] 80% sealing before module ids
<s> [webpack.Progress] 80% sealing module ids
<s> [webpack.Progress] 80% sealing module ids NamedModuleIdsPlugin
<s> [webpack.Progress] 80% sealing module ids
<s> [webpack.Progress] 81% sealing module id optimization
<s> [webpack.Progress] 81% sealing module id optimization
<s> [webpack.Progress] 82% sealing module id optimization
<s> [webpack.Progress] 82% sealing module id optimization
<s> [webpack.Progress] 82% sealing chunk reviving
<s> [webpack.Progress] 82% sealing chunk reviving RecordIdsPlugin
<s> [webpack.Progress] 82% sealing chunk reviving
<s> [webpack.Progress] 83% sealing before chunk ids
<s> [webpack.Progress] 83% sealing before chunk ids
<s> [webpack.Progress] 84% sealing chunk ids
<s> [webpack.Progress] 84% sealing chunk ids DeterministicChunkIdsPlugin
<s> [webpack.Progress] 84% sealing chunk ids
<s> [webpack.Progress] 84% sealing chunk id optimization
<s> [webpack.Progress] 84% sealing chunk id optimization FlagIncludedChunksPlugin
<s> [webpack.Progress] 84% sealing chunk id optimization
<s> [webpack.Progress] 85% sealing after chunk id optimization
<s> [webpack.Progress] 85% sealing after chunk id optimization
<s> [webpack.Progress] 86% sealing record modules
<s> [webpack.Progress] 86% sealing record modules RecordIdsPlugin
<s> [webpack.Progress] 86% sealing record modules
<s> [webpack.Progress] 86% sealing record chunks
<s> [webpack.Progress] 86% sealing record chunks RecordIdsPlugin
<s> [webpack.Progress] 86% sealing record chunks
<s> [webpack.Progress] 87% sealing module hashing
<s> [webpack.Progress] 87% sealing module hashing
<s> [webpack.Progress] 87% sealing code generation
<s> [webpack.Progress] 87% sealing code generation
<s> [webpack.Progress] 88% sealing runtime requirements
<s> [webpack.Progress] 88% sealing runtime requirements
<s> [webpack.Progress] 89% sealing hashing
<s> [webpack.Progress] 89% sealing hashing
<s> [webpack.Progress] 89% sealing after hashing
<s> [webpack.Progress] 89% sealing after hashing
<s> [webpack.Progress] 90% sealing record hash
<s> [webpack.Progress] 90% sealing record hash
<s> [webpack.Progress] 91% sealing module assets processing
<s> [webpack.Progress] 91% sealing module assets processing
<s> [webpack.Progress] 91% sealing chunk assets processing
<s> [webpack.Progress] 91% sealing chunk assets processing
<s> [webpack.Progress] 92% sealing asset processing
<s> [webpack.Progress] 92% sealing asset processing ESLintWebpackPlugin_1
<s> [webpack.Progress] 92% sealing asset processing PersistentChildCompilerSingletonPlugin
<s> [webpack.Progress] 92% sealing asset processing TerserPlugin
info => Manager built (53 s)
<s> [webpack.Progress] 92% sealing asset processing SourceMapDevToolPlugin
<s> [webpack.Progress] 92% sealing asset processing SourceMapDevToolPlugin
<s> [webpack.Progress] 92% sealing asset processing SourceMapDevToolPlugin static/css/main.af58247e.css generate SourceMap
<s> [webpack.Progress] 92% sealing asset processing SourceMapDevToolPlugin static/css/main.af58247e.css generated SourceMap
<s> [webpack.Progress] 92% sealing asset processing SourceMapDevToolPlugin main.38384a7c.iframe.bundle.js generate SourceMap
<s> [webpack.Progress] 92% sealing asset processing SourceMapDevToolPlugin main.38384a7c.iframe.bundle.js generated SourceMap
<s> [webpack.Progress] 92% sealing asset processing SourceMapDevToolPlugin runtime~main.8853f674.iframe.bundle.js generate SourceMap
<s> [webpack.Progress] 92% sealing asset processing SourceMapDevToolPlugin runtime~main.8853f674.iframe.bundle.js generated SourceMap
<s> [webpack.Progress] 92% sealing asset processing SourceMapDevToolPlugin 701.b523472c.iframe.bundle.js generate SourceMap
<s> [webpack.Progress] 92% sealing asset processing SourceMapDevToolPlugin 701.b523472c.iframe.bundle.js generated SourceMap
<s> [webpack.Progress] 92% sealing asset processing SourceMapDevToolPlugin 745.908400d0.iframe.bundle.js generate SourceMap
<s> [webpack.Progress] 92% sealing asset processing SourceMapDevToolPlugin 745.908400d0.iframe.bundle.js generated SourceMap
<s> [webpack.Progress] 92% sealing asset processing SourceMapDevToolPlugin 51.da225736.iframe.bundle.js generate SourceMap
<s> [webpack.Progress] 92% sealing asset processing SourceMapDevToolPlugin 51.da225736.iframe.bundle.js generated SourceMap
<s> [webpack.Progress] 92% sealing asset processing SourceMapDevToolPlugin 807.c1a0554c.iframe.bundle.js generate SourceMap
<s> [webpack.Progress] 92% sealing asset processing SourceMapDevToolPlugin 807.c1a0554c.iframe.bundle.js generated SourceMap
<s> [webpack.Progress] 92% sealing asset processing SourceMapDevToolPlugin 551.9433e327.iframe.bundle.js generate SourceMap
<s> [webpack.Progress] 92% sealing asset processing SourceMapDevToolPlugin 551.9433e327.iframe.bundle.js generated SourceMap
<s> [webpack.Progress] 92% sealing asset processing SourceMapDevToolPlugin 897.1830577f.iframe.bundle.js generate SourceMap
<s> [webpack.Progress] 92% sealing asset processing SourceMapDevToolPlugin 897.1830577f.iframe.bundle.js generated SourceMap
<s> [webpack.Progress] 92% sealing asset processing SourceMapDevToolPlugin 229.a7c29192.iframe.bundle.js generate SourceMap
<s> [webpack.Progress] 92% sealing asset processing SourceMapDevToolPlugin 229.a7c29192.iframe.bundle.js generated SourceMap
<s> [webpack.Progress] 92% sealing asset processing SourceMapDevToolPlugin 935.940be98c.iframe.bundle.js generate SourceMap
<s> [webpack.Progress] 92% sealing asset processing SourceMapDevToolPlugin 935.940be98c.iframe.bundle.js generated SourceMap
<s> [webpack.Progress] 92% sealing asset processing SourceMapDevToolPlugin 629.700c59b9.iframe.bundle.js generate SourceMap
<s> [webpack.Progress] 92% sealing asset processing SourceMapDevToolPlugin 629.700c59b9.iframe.bundle.js generated SourceMap
<s> [webpack.Progress] 92% sealing asset processing SourceMapDevToolPlugin resolve sources
<s> [webpack.Progress] 92% sealing asset processing SourceMapDevToolPlugin static/css/main.af58247e.css attach SourceMap
<s> [webpack.Progress] 92% sealing asset processing SourceMapDevToolPlugin static/css/main.af58247e.css attached SourceMap
<s> [webpack.Progress] 92% sealing asset processing SourceMapDevToolPlugin 629.700c59b9.iframe.bundle.js attach SourceMap
<s> [webpack.Progress] 92% sealing asset processing SourceMapDevToolPlugin 629.700c59b9.iframe.bundle.js attached SourceMap
<s> [webpack.Progress] 92% sealing asset processing SourceMapDevToolPlugin
<s> [webpack.Progress] 92% sealing asset processing SourceMapDevToolPlugin
<s> [webpack.Progress] 92% sealing asset processing SourceMapDevToolPlugin resolve sources
<s> [webpack.Progress] 92% sealing asset processing SourceMapDevToolPlugin
<s> [webpack.Progress] 92% sealing asset processing HtmlWebpackPlugin
<s> [webpack.Progress] 92% sealing asset processing HtmlWebpackPlugin
<s> [webpack.Progress] 92% sealing asset processing HtmlWebpackPlugin resolve sources
<s> [webpack.Progress] 92% sealing asset processing HtmlWebpackPlugin
<s> [webpack.Progress] 92% sealing asset processing RealContentHashPlugin
<s> [webpack.Progress] 92% sealing asset processing RealContentHashPlugin
<s> [webpack.Progress] 92% sealing asset processing RealContentHashPlugin main.e48e5162.iframe.bundle.js generate SourceMap
<s> [webpack.Progress] 92% sealing asset processing RealContentHashPlugin main.e48e5162.iframe.bundle.js generated SourceMap
<s> [webpack.Progress] 92% sealing asset processing RealContentHashPlugin runtime~main.c9c43840.iframe.bundle.js generate SourceMap
<s> [webpack.Progress] 92% sealing asset processing RealContentHashPlugin runtime~main.c9c43840.iframe.bundle.js generated SourceMap
<s> [webpack.Progress] 92% sealing asset processing RealContentHashPlugin 701.31acd7a3.iframe.bundle.js generate SourceMap
<s> [webpack.Progress] 92% sealing asset processing RealContentHashPlugin 701.31acd7a3.iframe.bundle.js generated SourceMap
<s> [webpack.Progress] 92% sealing asset processing RealContentHashPlugin 745.0893a3d6.iframe.bundle.js generate SourceMap
<s> [webpack.Progress] 92% sealing asset processing RealContentHashPlugin 745.0893a3d6.iframe.bundle.js generated SourceMap
<s> [webpack.Progress] 92% sealing asset processing RealContentHashPlugin 551.4088af3d.iframe.bundle.js generate SourceMap
<s> [webpack.Progress] 92% sealing asset processing RealContentHashPlugin 551.4088af3d.iframe.bundle.js generated SourceMap
<s> [webpack.Progress] 92% sealing asset processing RealContentHashPlugin 229.0af6e28b.iframe.bundle.js generate SourceMap
<s> [webpack.Progress] 92% sealing asset processing RealContentHashPlugin 229.0af6e28b.iframe.bundle.js generated SourceMap
<s> [webpack.Progress] 92% sealing asset processing RealContentHashPlugin 935.5d080140.iframe.bundle.js generate SourceMap
<s> [webpack.Progress] 92% sealing asset processing RealContentHashPlugin 935.5d080140.iframe.bundle.js generated SourceMap
<s> [webpack.Progress] 92% sealing asset processing RealContentHashPlugin 51.557f3d9c.iframe.bundle.js generate SourceMap
<s> [webpack.Progress] 92% sealing asset processing RealContentHashPlugin 51.557f3d9c.iframe.bundle.js generated SourceMap
<s> [webpack.Progress] 92% sealing asset processing RealContentHashPlugin 807.41fd7001.iframe.bundle.js generate SourceMap
<s> [webpack.Progress] 92% sealing asset processing RealContentHashPlugin 807.41fd7001.iframe.bundle.js generated SourceMap
<s> [webpack.Progress] 92% sealing asset processing RealContentHashPlugin 897.d52907e7.iframe.bundle.js generate SourceMap
<s> [webpack.Progress] 92% sealing asset processing RealContentHashPlugin 897.d52907e7.iframe.bundle.js generated SourceMap
<s> [webpack.Progress] 92% sealing asset processing RealContentHashPlugin resolve sources
<s> [webpack.Progress] 92% sealing asset processing RealContentHashPlugin
<s> [webpack.Progress] 92% sealing asset processing
<s> [webpack.Progress] 93% sealing after asset optimization
<s> [webpack.Progress] 93% sealing after asset optimization
<s> [webpack.Progress] 93% sealing recording
<s> [webpack.Progress] 93% sealing recording
<s> [webpack.Progress] 94% sealing after seal
<s> [webpack.Progress] 94% sealing after seal
<s> [webpack.Progress] 95% emitting emit
<s> [webpack.Progress] 95% emitting emit
<s> [webpack.Progress] 98% emitting after emit
<s> [webpack.Progress] 98% emitting after emit SizeLimitsPlugin
<s> [webpack.Progress] 98% emitting after emit
<s> [webpack.Progress] 99% done plugins
<s> [webpack.Progress] 99% done plugins CaseSensitivePathsPlugin
<s> [webpack.Progress] 99% done plugins ForkTsCheckerWebpackPlugin
<s> [webpack.Progress] 99% done plugins
<s> [webpack.Progress] 99% 

<s> [webpack.Progress] 99% cache store build dependencies
<s> [webpack.Progress] 99% cache store build dependencies
<s> [webpack.Progress] 99% cache begin idle
<s> [webpack.Progress] 99% cache begin idle
<s> [webpack.Progress] 100% 

info => Preview built (58 s)
WARN [eslint] 
WARN src\components\header\Header.stories.tsx
WARN   Line 9:18:   Unexpected empty method 'onLogin'         @typescript-eslint/no-empty-function
WARN   Line 10:19:  Unexpected empty method 'onLogout'        @typescript-eslint/no-empty-function
WARN   Line 12:24:  Unexpected any. Specify a different type  @typescript-eslint/no-explicit-any
WARN 
WARN src\components\header\index.tsx
WARN   Line 16:10:  'localUser' is assigned a value but never used    @typescript-eslint/no-unused-vars
WARN   Line 17:10:  'storageUser' is assigned a value but never used  @typescript-eslint/no-unused-vars
WARN 
WARN src\components\utils\Search\Search.tsx
WARN   Line 2:10:   'useForm' is defined but never used  @typescript-eslint/no-unused-vars
WARN   Line 29:24:  'prev' is defined but never used     @typescript-eslint/no-unused-vars
WARN 
WARN src\components\utils\Table\Table.tsx
WARN   Line 45:61:  React Hook useMemo has a missing dependency: 'props.cols'. Either include it or remove the dependency array  react-hooks/exhaustive-deps
WARN 
WARN src\hooks\useLocalStorage.ts
WARN   Line 3:53:   Unexpected any. Specify a different type  @typescript-eslint/no-explicit-any
WARN   Line 14:28:  Unexpected any. Specify a different type  @typescript-eslint/no-explicit-any
WARN 
WARN src\layout\Horizantal\Horizantal.stories.tsx
WARN   Line 7:24:  Unexpected any. Specify a different type  @typescript-eslint/no-explicit-any
WARN 
WARN src\redux\slices\cartSlice.ts
WARN   Line 209:51:  'action' is defined but never used  @typescript-eslint/no-unused-vars
WARN 
WARN src\views\categories\Categories.tsx
WARN   Line 28:18:  'errors' is assigned a value but never used  @typescript-eslint/no-unused-vars
WARN 
WARN src\views\home\Checkout.tsx
WARN   Line 40:6:    React Hook useEffect has a missing dependency: 'carts'. Either include it or remove the dependency array  react-hooks/exhaustive-deps
WARN   Line 43:5:    'handleSubmit' is assigned a value but never used                                                         @typescript-eslint/no-unused-vars
WARN   Line 44:5:    'getValues' is assigned a value but never used                                                            @typescript-eslint/no-unused-vars
WARN   Line 45:5:    'setValue' is assigned a value but never used                                                             @typescript-eslint/no-unused-vars
WARN   Line 47:18:   'errors' is assigned a value but never used                                                               @typescript-eslint/no-unused-vars
WARN   Line 165:29:  Unexpected empty arrow function                                                                           @typescript-eslint/no-empty-function
WARN 
WARN src\views\home\CheckoutTable.tsx
WARN   Line 6:10:    'createDate' is defined but never used                                                                       @typescript-eslint/no-unused-vars
WARN   Line 6:22:    'isDate' is defined but never used                                                                           @typescript-eslint/no-unused-vars
WARN   Line 24:11:   'register' is assigned a value but never used                                                                @typescript-eslint/no-unused-vars
WARN   Line 24:21:   'handleSubmit' is assigned a value but never used                                                            @typescript-eslint/no-unused-vars
WARN   Line 33:33:   React Hook useMemo has a missing dependency: 'props.cols'. Either include it or remove the dependency array  react-hooks/exhaustive-deps
WARN   Line 38:9:    'deleteHandler' is assigned a value but never used                                                           @typescript-eslint/no-unused-vars
WARN   Line 42:9:    'changeLocalQuantity' is assigned a value but never used                                                     @typescript-eslint/no-unused-vars
WARN   Line 180:42:  'e' is defined but never used                                                                                @typescript-eslint/no-unused-vars
WARN 
WARN src\views\home\POS.tsx
WARN   Line 40:6:  React Hook useEffect has a missing dependency: 'setValue'. Either include it or remove the dependency array  react-hooks/exhaustive-deps
WARN 
WARN src\views\product-edittor\ProductEdittor.tsx
WARN   Line 77:62:  'snapshot' is defined but never used  @typescript-eslint/no-unused-vars
WARN 
WARN src\views\products\Form.tsx
WARN   Line 11:3:    'editProductData' is defined but never used                                                                  @typescript-eslint/no-unused-vars
WARN   Line 31:3:    'listAll' is defined but never used                                                                          @typescript-eslint/no-unused-vars
WARN   Line 32:3:    'list' is defined but never used                                                                             @typescript-eslint/no-unused-vars
WARN   Line 69:6:    React Hook useEffect has a missing dependency: 'dispatch'. Either include it or remove the dependency array  react-hooks/exhaustive-deps
WARN   Line 86:60:   'snapshot' is defined but never used                                                                         @typescript-eslint/no-unused-vars
WARN   Line 211:30:  'field' is defined but never used                                                                            @typescript-eslint/no-unused-vars
WARN 
WARN src\views\products\Products.tsx
WARN   Line 33:10:  'edittingID' is assigned a value but never used  @typescript-eslint/no-unused-vars
WARN 
WARN 
WARN asset size limit: The following asset(s) exceed the recommended size limit (244 KiB).
WARN This can impact web performance.
WARN Assets: 
WARN   f100e5ec11b4eb6bf10d.jpg (814 KiB)
WARN   807.41fd7001.iframe.bundle.js (794 KiB)
WARN   629.38e2d0aa.iframe.bundle.js (2.66 MiB)
WARN entrypoint size limit: The following entrypoint(s) combined asset size exceeds the recommended limit (244 KiB). This can impact web performance.
WARN Entrypoints:
WARN   main (2.82 MiB)
WARN       runtime~main.c9c43840.iframe.bundle.js
WARN       629.38e2d0aa.iframe.bundle.js
WARN       main.e48e5162.iframe.bundle.js
WARN       static/css/main.54a0e3d7.css
WARN 
<s> [webpack.Progress] 99% cache shutdown
<s> [webpack.Progress] 99% cache shutdown
<s> [webpack.Progress] 100% 

info => Output directory: C:\\Users\\hutha\\AppData\\Local\\Temp\\chromatic--33428-XbQ1GAesooTS
